<?xml version="1.0" encoding="UTF-8"?>
<!-- Generated by org.testng.reporters.JUnitReportReporter -->
<testsuite hostname="Khosruzs-MacBook-Pro.local" failures="0" tests="1" name="com.Test.RegisterTest" time="4.147" errors="0" timestamp="2025-02-15T14:49:50 EST" skipped="0">
  <testcase classname="com.Test.RegisterTest" name="registerWithInValidData" time="4.147"/>
  <system-out/>
</testsuite> <!-- com.Test.RegisterTest -->
