<?xml version="1.0" encoding="UTF-8"?>
<!-- Generated by org.testng.reporters.JUnitReportReporter -->
<testsuite hostname="Khosruzs-MacBook-Pro.local" failures="0" tests="3" name="com.Test.RegisterTest" time="22.278" errors="0" timestamp="2025-02-15T15:07:28 EST" skipped="0">
  <testcase classname="com.Test.RegisterTest" name="validatePageTitle" time="3.140"/>
  <system-out/>
  <testcase classname="com.Test.RegisterTest" name="registerWithValidData" time="15.599"/>
  <system-out/>
  <testcase classname="com.Test.RegisterTest" name="registerWithInValidData" time="3.539"/>
  <system-out/>
</testsuite> <!-- com.Test.RegisterTest -->
